u, dist[u]: 1 0
v, w(u, v): 5 4
curr time:
1 0
2 1000000007
3 1000000007
4 1000000007
5 4
6 1000000007
7 1000000007
8 1000000007
9 1000000007
10 1000000007
--
u, dist[u]: 5 4
v, w(u, v): 1 4
v, w(u, v): 3 2
curr time:
1 0
2 1000000007
3 6
4 1000000007
5 4
6 1000000007
7 1000000007
8 1000000007
9 1000000007
10 1000000007
--
u, dist[u]: 3 6
v, w(u, v): 5 2
v, w(u, v): 10 7
curr time:
1 0
2 1000000007
3 6
4 1000000007
5 4
6 1000000007
7 1000000007
8 1000000007
9 1000000007
10 13
--
u, dist[u]: 10 13
v, w(u, v): 3 7
curr time:
1 0
2 1000000007
3 6
4 1000000007
5 4
6 1000000007
7 1000000007
8 1000000007
9 1000000007
10 13
--
