2520
AADDFFSS
AADDFSFS
AADDFSSF
AADDSFFS
AADDSFSF
AADDSSFF
AADFDFSS
AADFDSFS
AADFDSSF
AADFFDSS
AADFFSDS
AADFFSSD
AADFSDFS
AADFSDSF
AADFSFDS
AADFSFSD
AADFSSDF
AADFSSFD
AADSDFFS
AADSDFSF
AADSDSFF
AADSFDFS
AADSFDSF
AADSFFDS
AADSFFSD
AADSFSDF
AADSFSFD
AADSSDFF
AADSSFDF
AADSSFFD
AAFDDFSS
AAFDDSFS
AAFDDSSF
AAFDFDSS
AAFDFSDS
AAFDFSSD
AAFDSDFS
AAFDSDSF
AAFDSFDS
AAFDSFSD
AAFDSSDF
AAFDSSFD
AAFFDDSS
AAFFDSDS
AAFFDSSD
AAFFSDDS
AAFFSDSD
AAFFSSDD
AAFSDDFS
AAFSDDSF
AAFSDFDS
AAFSDFSD
AAFSDSDF
AAFSDSFD
AAFSFDDS
AAFSFDSD
AAFSFSDD
AAFSSDDF
AAFSSDFD
AAFSSFDD
AASDDFFS
AASDDFSF
AASDDSFF
AASDFDFS
AASDFDSF
AASDFFDS
AASDFFSD
AASDFSDF
AASDFSFD
AASDSDFF
AASDSFDF
AASDSFFD
AASFDDFS
AASFDDSF
AASFDFDS
AASFDFSD
AASFDSDF
AASFDSFD
AASFFDDS
AASFFDSD
AASFFSDD
AASFSDDF
AASFSDFD
AASFSFDD
AASSDDFF
AASSDFDF
AASSDFFD
AASSFDDF
AASSFDFD
AASSFFDD
ADADFFSS
ADADFSFS
ADADFSSF
ADADSFFS
ADADSFSF
ADADSSFF
ADAFDFSS
ADAFDSFS
ADAFDSSF
ADAFFDSS
ADAFFSDS
ADAFFSSD
ADAFSDFS
ADAFSDSF
ADAFSFDS
ADAFSFSD
ADAFSSDF
ADAFSSFD
ADASDFFS
ADASDFSF
ADASDSFF
ADASFDFS
ADASFDSF
ADASFFDS
ADASFFSD
ADASFSDF
ADASFSFD
ADASSDFF
ADASSFDF
ADASSFFD
ADDAFFSS
ADDAFSFS
ADDAFSSF
ADDASFFS
ADDASFSF
ADDASSFF
ADDFAFSS
ADDFASFS
ADDFASSF
ADDFFASS
ADDFFSAS
ADDFFSSA
ADDFSAFS
ADDFSASF
ADDFSFAS
ADDFSFSA
ADDFSSAF
ADDFSSFA
ADDSAFFS
ADDSAFSF
ADDSASFF
ADDSFAFS
ADDSFASF
ADDSFFAS
ADDSFFSA
ADDSFSAF
ADDSFSFA
ADDSSAFF
ADDSSFAF
ADDSSFFA
ADFADFSS
ADFADSFS
ADFADSSF
ADFAFDSS
ADFAFSDS
ADFAFSSD
ADFASDFS
ADFASDSF
ADFASFDS
ADFASFSD
ADFASSDF
ADFASSFD
ADFDAFSS
ADFDASFS
ADFDASSF
ADFDFASS
ADFDFSAS
ADFDFSSA
ADFDSAFS
ADFDSASF
ADFDSFAS
ADFDSFSA
ADFDSSAF
ADFDSSFA
ADFFADSS
ADFFASDS
ADFFASSD
ADFFDASS
ADFFDSAS
ADFFDSSA
ADFFSADS
ADFFSASD
ADFFSDAS
ADFFSDSA
ADFFSSAD
ADFFSSDA
ADFSADFS
ADFSADSF
ADFSAFDS
ADFSAFSD
ADFSASDF
ADFSASFD
ADFSDAFS
ADFSDASF
ADFSDFAS
ADFSDFSA
ADFSDSAF
ADFSDSFA
ADFSFADS
ADFSFASD
ADFSFDAS
ADFSFDSA
ADFSFSAD
ADFSFSDA
ADFSSADF
ADFSSAFD
ADFSSDAF
ADFSSDFA
ADFSSFAD
ADFSSFDA
ADSADFFS
ADSADFSF
ADSADSFF
ADSAFDFS
ADSAFDSF
ADSAFFDS
ADSAFFSD
ADSAFSDF
ADSAFSFD
ADSASDFF
ADSASFDF
ADSASFFD
ADSDAFFS
ADSDAFSF
ADSDASFF
ADSDFAFS
ADSDFASF
ADSDFFAS
ADSDFFSA
ADSDFSAF
ADSDFSFA
ADSDSAFF
ADSDSFAF
ADSDSFFA
ADSFADFS
ADSFADSF
ADSFAFDS
ADSFAFSD
ADSFASDF
ADSFASFD
ADSFDAFS
ADSFDASF
ADSFDFAS
ADSFDFSA
ADSFDSAF
ADSFDSFA
ADSFFADS
ADSFFASD
ADSFFDAS
ADSFFDSA
ADSFFSAD
ADSFFSDA
ADSFSADF
ADSFSAFD
ADSFSDAF
ADSFSDFA
ADSFSFAD
ADSFSFDA
ADSSADFF
ADSSAFDF
ADSSAFFD
ADSSDAFF
ADSSDFAF
ADSSDFFA
ADSSFADF
ADSSFAFD
ADSSFDAF
ADSSFDFA
ADSSFFAD
ADSSFFDA
AFADDFSS
AFADDSFS
AFADDSSF
AFADFDSS
AFADFSDS
AFADFSSD
AFADSDFS
AFADSDSF
AFADSFDS
AFADSFSD
AFADSSDF
AFADSSFD
AFAFDDSS
AFAFDSDS
AFAFDSSD
AFAFSDDS
AFAFSDSD
AFAFSSDD
AFASDDFS
AFASDDSF
AFASDFDS
AFASDFSD
AFASDSDF
AFASDSFD
AFASFDDS
AFASFDSD
AFASFSDD
AFASSDDF
AFASSDFD
AFASSFDD
AFDADFSS
AFDADSFS
AFDADSSF
AFDAFDSS
AFDAFSDS
AFDAFSSD
AFDASDFS
AFDASDSF
AFDASFDS
AFDASFSD
AFDASSDF
AFDASSFD
AFDDAFSS
AFDDASFS
AFDDASSF
AFDDFASS
AFDDFSAS
AFDDFSSA
AFDDSAFS
AFDDSASF
AFDDSFAS
AFDDSFSA
AFDDSSAF
AFDDSSFA
AFDFADSS
AFDFASDS
AFDFASSD
AFDFDASS
AFDFDSAS
AFDFDSSA
AFDFSADS
AFDFSASD
AFDFSDAS
AFDFSDSA
AFDFSSAD
AFDFSSDA
AFDSADFS
AFDSADSF
AFDSAFDS
AFDSAFSD
AFDSASDF
AFDSASFD
AFDSDAFS
AFDSDASF
AFDSDFAS
AFDSDFSA
AFDSDSAF
AFDSDSFA
AFDSFADS
AFDSFASD
AFDSFDAS
AFDSFDSA
AFDSFSAD
AFDSFSDA
AFDSSADF
AFDSSAFD
AFDSSDAF
AFDSSDFA
AFDSSFAD
AFDSSFDA
AFFADDSS
AFFADSDS
AFFADSSD
AFFASDDS
AFFASDSD
AFFASSDD
AFFDADSS
AFFDASDS
AFFDASSD
AFFDDASS
AFFDDSAS
AFFDDSSA
AFFDSADS
AFFDSASD
AFFDSDAS
AFFDSDSA
AFFDSSAD
AFFDSSDA
AFFSADDS
AFFSADSD
AFFSASDD
AFFSDADS
AFFSDASD
AFFSDDAS
AFFSDDSA
AFFSDSAD
AFFSDSDA
AFFSSADD
AFFSSDAD
AFFSSDDA
AFSADDFS
AFSADDSF
AFSADFDS
AFSADFSD
AFSADSDF
AFSADSFD
AFSAFDDS
AFSAFDSD
AFSAFSDD
AFSASDDF
AFSASDFD
AFSASFDD
AFSDADFS
AFSDADSF
AFSDAFDS
AFSDAFSD
AFSDASDF
AFSDASFD
AFSDDAFS
AFSDDASF
AFSDDFAS
AFSDDFSA
AFSDDSAF
AFSDDSFA
AFSDFADS
AFSDFASD
AFSDFDAS
AFSDFDSA
AFSDFSAD
AFSDFSDA
AFSDSADF
AFSDSAFD
AFSDSDAF
AFSDSDFA
AFSDSFAD
AFSDSFDA
AFSFADDS
AFSFADSD
AFSFASDD
AFSFDADS
AFSFDASD
AFSFDDAS
AFSFDDSA
AFSFDSAD
AFSFDSDA
AFSFSADD
AFSFSDAD
AFSFSDDA
AFSSADDF
AFSSADFD
AFSSAFDD
AFSSDADF
AFSSDAFD
AFSSDDAF
AFSSDDFA
AFSSDFAD
AFSSDFDA
AFSSFADD
AFSSFDAD
AFSSFDDA
ASADDFFS
ASADDFSF
ASADDSFF
ASADFDFS
ASADFDSF
ASADFFDS
ASADFFSD
ASADFSDF
ASADFSFD
ASADSDFF
ASADSFDF
ASADSFFD
ASAFDDFS
ASAFDDSF
ASAFDFDS
ASAFDFSD
ASAFDSDF
ASAFDSFD
ASAFFDDS
ASAFFDSD
ASAFFSDD
ASAFSDDF
ASAFSDFD
ASAFSFDD
ASASDDFF
ASASDFDF
ASASDFFD
ASASFDDF
ASASFDFD
ASASFFDD
ASDADFFS
ASDADFSF
ASDADSFF
ASDAFDFS
ASDAFDSF
ASDAFFDS
ASDAFFSD
ASDAFSDF
ASDAFSFD
ASDASDFF
ASDASFDF
ASDASFFD
ASDDAFFS
ASDDAFSF
ASDDASFF
ASDDFAFS
ASDDFASF
ASDDFFAS
ASDDFFSA
ASDDFSAF
ASDDFSFA
ASDDSAFF
ASDDSFAF
ASDDSFFA
ASDFADFS
ASDFADSF
ASDFAFDS
ASDFAFSD
ASDFASDF
ASDFASFD
ASDFDAFS
ASDFDASF
ASDFDFAS
ASDFDFSA
ASDFDSAF
ASDFDSFA
ASDFFADS
ASDFFASD
ASDFFDAS
ASDFFDSA
ASDFFSAD
ASDFFSDA
ASDFSADF
ASDFSAFD
ASDFSDAF
ASDFSDFA
ASDFSFAD
ASDFSFDA
ASDSADFF
ASDSAFDF
ASDSAFFD
ASDSDAFF
ASDSDFAF
ASDSDFFA
ASDSFADF
ASDSFAFD
ASDSFDAF
ASDSFDFA
ASDSFFAD
ASDSFFDA
ASFADDFS
ASFADDSF
ASFADFDS
ASFADFSD
ASFADSDF
ASFADSFD
ASFAFDDS
ASFAFDSD
ASFAFSDD
ASFASDDF
ASFASDFD
ASFASFDD
ASFDADFS
ASFDADSF
ASFDAFDS
ASFDAFSD
ASFDASDF
ASFDASFD
ASFDDAFS
ASFDDASF
ASFDDFAS
ASFDDFSA
ASFDDSAF
ASFDDSFA
ASFDFADS
ASFDFASD
ASFDFDAS
ASFDFDSA
ASFDFSAD
ASFDFSDA
ASFDSADF
ASFDSAFD
ASFDSDAF
ASFDSDFA
ASFDSFAD
ASFDSFDA
ASFFADDS
ASFFADSD
ASFFASDD
ASFFDADS
ASFFDASD
ASFFDDAS
ASFFDDSA
ASFFDSAD
ASFFDSDA
ASFFSADD
ASFFSDAD
ASFFSDDA
ASFSADDF
ASFSADFD
ASFSAFDD
ASFSDADF
ASFSDAFD
ASFSDDAF
ASFSDDFA
ASFSDFAD
ASFSDFDA
ASFSFADD
ASFSFDAD
ASFSFDDA
ASSADDFF
ASSADFDF
ASSADFFD
ASSAFDDF
ASSAFDFD
ASSAFFDD
ASSDADFF
ASSDAFDF
ASSDAFFD
ASSDDAFF
ASSDDFAF
ASSDDFFA
ASSDFADF
ASSDFAFD
ASSDFDAF
ASSDFDFA
ASSDFFAD
ASSDFFDA
ASSFADDF
ASSFADFD
ASSFAFDD
ASSFDADF
ASSFDAFD
ASSFDDAF
ASSFDDFA
ASSFDFAD
ASSFDFDA
ASSFFADD
ASSFFDAD
ASSFFDDA
DAADFFSS
DAADFSFS
DAADFSSF
DAADSFFS
DAADSFSF
DAADSSFF
DAAFDFSS
DAAFDSFS
DAAFDSSF
DAAFFDSS
DAAFFSDS
DAAFFSSD
DAAFSDFS
DAAFSDSF
DAAFSFDS
DAAFSFSD
DAAFSSDF
DAAFSSFD
DAASDFFS
DAASDFSF
DAASDSFF
DAASFDFS
DAASFDSF
DAASFFDS
DAASFFSD
DAASFSDF
DAASFSFD
DAASSDFF
DAASSFDF
DAASSFFD
DADAFFSS
DADAFSFS
DADAFSSF
DADASFFS
DADASFSF
DADASSFF
DADFAFSS
DADFASFS
DADFASSF
DADFFASS
DADFFSAS
DADFFSSA
DADFSAFS
DADFSASF
DADFSFAS
DADFSFSA
DADFSSAF
DADFSSFA
DADSAFFS
DADSAFSF
DADSASFF
DADSFAFS
DADSFASF
DADSFFAS
DADSFFSA
DADSFSAF
DADSFSFA
DADSSAFF
DADSSFAF
DADSSFFA
DAFADFSS
DAFADSFS
DAFADSSF
DAFAFDSS
DAFAFSDS
DAFAFSSD
DAFASDFS
DAFASDSF
DAFASFDS
DAFASFSD
DAFASSDF
DAFASSFD
DAFDAFSS
DAFDASFS
DAFDASSF
DAFDFASS
DAFDFSAS
DAFDFSSA
DAFDSAFS
DAFDSASF
DAFDSFAS
DAFDSFSA
DAFDSSAF
DAFDSSFA
DAFFADSS
DAFFASDS
DAFFASSD
DAFFDASS
DAFFDSAS
DAFFDSSA
DAFFSADS
DAFFSASD
DAFFSDAS
DAFFSDSA
DAFFSSAD
DAFFSSDA
DAFSADFS
DAFSADSF
DAFSAFDS
DAFSAFSD
DAFSASDF
DAFSASFD
DAFSDAFS
DAFSDASF
DAFSDFAS
DAFSDFSA
DAFSDSAF
DAFSDSFA
DAFSFADS
DAFSFASD
DAFSFDAS
DAFSFDSA
DAFSFSAD
DAFSFSDA
DAFSSADF
DAFSSAFD
DAFSSDAF
DAFSSDFA
DAFSSFAD
DAFSSFDA
DASADFFS
DASADFSF
DASADSFF
DASAFDFS
DASAFDSF
DASAFFDS
DASAFFSD
DASAFSDF
DASAFSFD
DASASDFF
DASASFDF
DASASFFD
DASDAFFS
DASDAFSF
DASDASFF
DASDFAFS
DASDFASF
DASDFFAS
DASDFFSA
DASDFSAF
DASDFSFA
DASDSAFF
DASDSFAF
DASDSFFA
DASFADFS
DASFADSF
DASFAFDS
DASFAFSD
DASFASDF
DASFASFD
DASFDAFS
DASFDASF
DASFDFAS
DASFDFSA
DASFDSAF
DASFDSFA
DASFFADS
DASFFASD
DASFFDAS
DASFFDSA
DASFFSAD
DASFFSDA
DASFSADF
DASFSAFD
DASFSDAF
DASFSDFA
DASFSFAD
DASFSFDA
DASSADFF
DASSAFDF
DASSAFFD
DASSDAFF
DASSDFAF
DASSDFFA
DASSFADF
DASSFAFD
DASSFDAF
DASSFDFA
DASSFFAD
DASSFFDA
DDAAFFSS
DDAAFSFS
DDAAFSSF
DDAASFFS
DDAASFSF
DDAASSFF
DDAFAFSS
DDAFASFS
DDAFASSF
DDAFFASS
DDAFFSAS
DDAFFSSA
DDAFSAFS
DDAFSASF
DDAFSFAS
DDAFSFSA
DDAFSSAF
DDAFSSFA
DDASAFFS
DDASAFSF
DDASASFF
DDASFAFS
DDASFASF
DDASFFAS
DDASFFSA
DDASFSAF
DDASFSFA
DDASSAFF
DDASSFAF
DDASSFFA
DDFAAFSS
DDFAASFS
DDFAASSF
DDFAFASS
DDFAFSAS
DDFAFSSA
DDFASAFS
DDFASASF
DDFASFAS
DDFASFSA
DDFASSAF
DDFASSFA
DDFFAASS
DDFFASAS
DDFFASSA
DDFFSAAS
DDFFSASA
DDFFSSAA
DDFSAAFS
DDFSAASF
DDFSAFAS
DDFSAFSA
DDFSASAF
DDFSASFA
DDFSFAAS
DDFSFASA
DDFSFSAA
DDFSSAAF
DDFSSAFA
DDFSSFAA
DDSAAFFS
DDSAAFSF
DDSAASFF
DDSAFAFS
DDSAFASF
DDSAFFAS
DDSAFFSA
DDSAFSAF
DDSAFSFA
DDSASAFF
DDSASFAF
DDSASFFA
DDSFAAFS
DDSFAASF
DDSFAFAS
DDSFAFSA
DDSFASAF
DDSFASFA
DDSFFAAS
DDSFFASA
DDSFFSAA
DDSFSAAF
DDSFSAFA
DDSFSFAA
DDSSAAFF
DDSSAFAF
DDSSAFFA
DDSSFAAF
DDSSFAFA
DDSSFFAA
DFAADFSS
DFAADSFS
DFAADSSF
DFAAFDSS
DFAAFSDS
DFAAFSSD
DFAASDFS
DFAASDSF
DFAASFDS
DFAASFSD
DFAASSDF
DFAASSFD
DFADAFSS
DFADASFS
DFADASSF
DFADFASS
DFADFSAS
DFADFSSA
DFADSAFS
DFADSASF
DFADSFAS
DFADSFSA
DFADSSAF
DFADSSFA
DFAFADSS
DFAFASDS
DFAFASSD
DFAFDASS
DFAFDSAS
DFAFDSSA
DFAFSADS
DFAFSASD
DFAFSDAS
DFAFSDSA
DFAFSSAD
DFAFSSDA
DFASADFS
DFASADSF
DFASAFDS
DFASAFSD
DFASASDF
DFASASFD
DFASDAFS
DFASDASF
DFASDFAS
DFASDFSA
DFASDSAF
DFASDSFA
DFASFADS
DFASFASD
DFASFDAS
DFASFDSA
DFASFSAD
DFASFSDA
DFASSADF
DFASSAFD
DFASSDAF
DFASSDFA
DFASSFAD
DFASSFDA
DFDAAFSS
DFDAASFS
DFDAASSF
DFDAFASS
DFDAFSAS
DFDAFSSA
DFDASAFS
DFDASASF
DFDASFAS
DFDASFSA
DFDASSAF
DFDASSFA
DFDFAASS
DFDFASAS
DFDFASSA
DFDFSAAS
DFDFSASA
DFDFSSAA
DFDSAAFS
DFDSAASF
DFDSAFAS
DFDSAFSA
DFDSASAF
DFDSASFA
DFDSFAAS
DFDSFASA
DFDSFSAA
DFDSSAAF
DFDSSAFA
DFDSSFAA
DFFAADSS
DFFAASDS
DFFAASSD
DFFADASS
DFFADSAS
DFFADSSA
DFFASADS
DFFASASD
DFFASDAS
DFFASDSA
DFFASSAD
DFFASSDA
DFFDAASS
DFFDASAS
DFFDASSA
DFFDSAAS
DFFDSASA
DFFDSSAA
DFFSAADS
DFFSAASD
DFFSADAS
DFFSADSA
DFFSASAD
DFFSASDA
DFFSDAAS
DFFSDASA
DFFSDSAA
DFFSSAAD
DFFSSADA
DFFSSDAA
DFSAADFS
DFSAADSF
DFSAAFDS
DFSAAFSD
DFSAASDF
DFSAASFD
DFSADAFS
DFSADASF
DFSADFAS
DFSADFSA
DFSADSAF
DFSADSFA
DFSAFADS
DFSAFASD
DFSAFDAS
DFSAFDSA
DFSAFSAD
DFSAFSDA
DFSASADF
DFSASAFD
DFSASDAF
DFSASDFA
DFSASFAD
DFSASFDA
DFSDAAFS
DFSDAASF
DFSDAFAS
DFSDAFSA
DFSDASAF
DFSDASFA
DFSDFAAS
DFSDFASA
DFSDFSAA
DFSDSAAF
DFSDSAFA
DFSDSFAA
DFSFAADS
DFSFAASD
DFSFADAS
DFSFADSA
DFSFASAD
DFSFASDA
DFSFDAAS
DFSFDASA
DFSFDSAA
DFSFSAAD
DFSFSADA
DFSFSDAA
DFSSAADF
DFSSAAFD
DFSSADAF
DFSSADFA
DFSSAFAD
DFSSAFDA
DFSSDAAF
DFSSDAFA
DFSSDFAA
DFSSFAAD
DFSSFADA
DFSSFDAA
DSAADFFS
DSAADFSF
DSAADSFF
DSAAFDFS
DSAAFDSF
DSAAFFDS
DSAAFFSD
DSAAFSDF
DSAAFSFD
DSAASDFF
DSAASFDF
DSAASFFD
DSADAFFS
DSADAFSF
DSADASFF
DSADFAFS
DSADFASF
DSADFFAS
DSADFFSA
DSADFSAF
DSADFSFA
DSADSAFF
DSADSFAF
DSADSFFA
DSAFADFS
DSAFADSF
DSAFAFDS
DSAFAFSD
DSAFASDF
DSAFASFD
DSAFDAFS
DSAFDASF
DSAFDFAS
DSAFDFSA
DSAFDSAF
DSAFDSFA
DSAFFADS
DSAFFASD
DSAFFDAS
DSAFFDSA
DSAFFSAD
DSAFFSDA
DSAFSADF
DSAFSAFD
DSAFSDAF
DSAFSDFA
DSAFSFAD
DSAFSFDA
DSASADFF
DSASAFDF
DSASAFFD
DSASDAFF
DSASDFAF
DSASDFFA
DSASFADF
DSASFAFD
DSASFDAF
DSASFDFA
DSASFFAD
DSASFFDA
DSDAAFFS
DSDAAFSF
DSDAASFF
DSDAFAFS
DSDAFASF
DSDAFFAS
DSDAFFSA
DSDAFSAF
DSDAFSFA
DSDASAFF
DSDASFAF
DSDASFFA
DSDFAAFS
DSDFAASF
DSDFAFAS
DSDFAFSA
DSDFASAF
DSDFASFA
DSDFFAAS
DSDFFASA
DSDFFSAA
DSDFSAAF
DSDFSAFA
DSDFSFAA
DSDSAAFF
DSDSAFAF
DSDSAFFA
DSDSFAAF
DSDSFAFA
DSDSFFAA
DSFAADFS
DSFAADSF
DSFAAFDS
DSFAAFSD
DSFAASDF
DSFAASFD
DSFADAFS
DSFADASF
DSFADFAS
DSFADFSA
DSFADSAF
DSFADSFA
DSFAFADS
DSFAFASD
DSFAFDAS
DSFAFDSA
DSFAFSAD
DSFAFSDA
DSFASADF
DSFASAFD
DSFASDAF
DSFASDFA
DSFASFAD
DSFASFDA
DSFDAAFS
DSFDAASF
DSFDAFAS
DSFDAFSA
DSFDASAF
DSFDASFA
DSFDFAAS
DSFDFASA
DSFDFSAA
DSFDSAAF
DSFDSAFA
DSFDSFAA
DSFFAADS
DSFFAASD
DSFFADAS
DSFFADSA
DSFFASAD
DSFFASDA
DSFFDAAS
DSFFDASA
DSFFDSAA
DSFFSAAD
DSFFSADA
DSFFSDAA
DSFSAADF
DSFSAAFD
DSFSADAF
DSFSADFA
DSFSAFAD
DSFSAFDA
DSFSDAAF
DSFSDAFA
DSFSDFAA
DSFSFAAD
DSFSFADA
DSFSFDAA
DSSAADFF
DSSAAFDF
DSSAAFFD
DSSADAFF
DSSADFAF
DSSADFFA
DSSAFADF
DSSAFAFD
DSSAFDAF
DSSAFDFA
DSSAFFAD
DSSAFFDA
DSSDAAFF
DSSDAFAF
DSSDAFFA
DSSDFAAF
DSSDFAFA
DSSDFFAA
DSSFAADF
DSSFAAFD
DSSFADAF
DSSFADFA
DSSFAFAD
DSSFAFDA
DSSFDAAF
DSSFDAFA
DSSFDFAA
DSSFFAAD
DSSFFADA
DSSFFDAA
FAADDFSS
FAADDSFS
FAADDSSF
FAADFDSS
FAADFSDS
FAADFSSD
FAADSDFS
FAADSDSF
FAADSFDS
FAADSFSD
FAADSSDF
FAADSSFD
FAAFDDSS
FAAFDSDS
FAAFDSSD
FAAFSDDS
FAAFSDSD
FAAFSSDD
FAASDDFS
FAASDDSF
FAASDFDS
FAASDFSD
FAASDSDF
FAASDSFD
FAASFDDS
FAASFDSD
FAASFSDD
FAASSDDF
FAASSDFD
FAASSFDD
FADADFSS
FADADSFS
FADADSSF
FADAFDSS
FADAFSDS
FADAFSSD
FADASDFS
FADASDSF
FADASFDS
FADASFSD
FADASSDF
FADASSFD
FADDAFSS
FADDASFS
FADDASSF
FADDFASS
FADDFSAS
FADDFSSA
FADDSAFS
FADDSASF
FADDSFAS
FADDSFSA
FADDSSAF
FADDSSFA
FADFADSS
FADFASDS
FADFASSD
FADFDASS
FADFDSAS
FADFDSSA
FADFSADS
FADFSASD
FADFSDAS
FADFSDSA
FADFSSAD
FADFSSDA
FADSADFS
FADSADSF
FADSAFDS
FADSAFSD
FADSASDF
FADSASFD
FADSDAFS
FADSDASF
FADSDFAS
FADSDFSA
FADSDSAF
FADSDSFA
FADSFADS
FADSFASD
FADSFDAS
FADSFDSA
FADSFSAD
FADSFSDA
FADSSADF
FADSSAFD
FADSSDAF
FADSSDFA
FADSSFAD
FADSSFDA
FAFADDSS
FAFADSDS
FAFADSSD
FAFASDDS
FAFASDSD
FAFASSDD
FAFDADSS
FAFDASDS
FAFDASSD
FAFDDASS
FAFDDSAS
FAFDDSSA
FAFDSADS
FAFDSASD
FAFDSDAS
FAFDSDSA
FAFDSSAD
FAFDSSDA
FAFSADDS
FAFSADSD
FAFSASDD
FAFSDADS
FAFSDASD
FAFSDDAS
FAFSDDSA
FAFSDSAD
FAFSDSDA
FAFSSADD
FAFSSDAD
FAFSSDDA
FASADDFS
FASADDSF
FASADFDS
FASADFSD
FASADSDF
FASADSFD
FASAFDDS
FASAFDSD
FASAFSDD
FASASDDF
FASASDFD
FASASFDD
FASDADFS
FASDADSF
FASDAFDS
FASDAFSD
FASDASDF
FASDASFD
FASDDAFS
FASDDASF
FASDDFAS
FASDDFSA
FASDDSAF
FASDDSFA
FASDFADS
FASDFASD
FASDFDAS
FASDFDSA
FASDFSAD
FASDFSDA
FASDSADF
FASDSAFD
FASDSDAF
FASDSDFA
FASDSFAD
FASDSFDA
FASFADDS
FASFADSD
FASFASDD
FASFDADS
FASFDASD
FASFDDAS
FASFDDSA
FASFDSAD
FASFDSDA
FASFSADD
FASFSDAD
FASFSDDA
FASSADDF
FASSADFD
FASSAFDD
FASSDADF
FASSDAFD
FASSDDAF
FASSDDFA
FASSDFAD
FASSDFDA
FASSFADD
FASSFDAD
FASSFDDA
FDAADFSS
FDAADSFS
FDAADSSF
FDAAFDSS
FDAAFSDS
FDAAFSSD
FDAASDFS
FDAASDSF
FDAASFDS
FDAASFSD
FDAASSDF
FDAASSFD
FDADAFSS
FDADASFS
FDADASSF
FDADFASS
FDADFSAS
FDADFSSA
FDADSAFS
FDADSASF
FDADSFAS
FDADSFSA
FDADSSAF
FDADSSFA
FDAFADSS
FDAFASDS
FDAFASSD
FDAFDASS
FDAFDSAS
FDAFDSSA
FDAFSADS
FDAFSASD
FDAFSDAS
FDAFSDSA
FDAFSSAD
FDAFSSDA
FDASADFS
FDASADSF
FDASAFDS
FDASAFSD
FDASASDF
FDASASFD
FDASDAFS
FDASDASF
FDASDFAS
FDASDFSA
FDASDSAF
FDASDSFA
FDASFADS
FDASFASD
FDASFDAS
FDASFDSA
FDASFSAD
FDASFSDA
FDASSADF
FDASSAFD
FDASSDAF
FDASSDFA
FDASSFAD
FDASSFDA
FDDAAFSS
FDDAASFS
FDDAASSF
FDDAFASS
FDDAFSAS
FDDAFSSA
FDDASAFS
FDDASASF
FDDASFAS
FDDASFSA
FDDASSAF
FDDASSFA
FDDFAASS
FDDFASAS
FDDFASSA
FDDFSAAS
FDDFSASA
FDDFSSAA
FDDSAAFS
FDDSAASF
FDDSAFAS
FDDSAFSA
FDDSASAF
FDDSASFA
FDDSFAAS
FDDSFASA
FDDSFSAA
FDDSSAAF
FDDSSAFA
FDDSSFAA
FDFAADSS
FDFAASDS
FDFAASSD
FDFADASS
FDFADSAS
FDFADSSA
FDFASADS
FDFASASD
FDFASDAS
FDFASDSA
FDFASSAD
FDFASSDA
FDFDAASS
FDFDASAS
FDFDASSA
FDFDSAAS
FDFDSASA
FDFDSSAA
FDFSAADS
FDFSAASD
FDFSADAS
FDFSADSA
FDFSASAD
FDFSASDA
FDFSDAAS
FDFSDASA
FDFSDSAA
FDFSSAAD
FDFSSADA
FDFSSDAA
FDSAADFS
FDSAADSF
FDSAAFDS
FDSAAFSD
FDSAASDF
FDSAASFD
FDSADAFS
FDSADASF
FDSADFAS
FDSADFSA
FDSADSAF
FDSADSFA
FDSAFADS
FDSAFASD
FDSAFDAS
FDSAFDSA
FDSAFSAD
FDSAFSDA
FDSASADF
FDSASAFD
FDSASDAF
FDSASDFA
FDSASFAD
FDSASFDA
FDSDAAFS
FDSDAASF
FDSDAFAS
FDSDAFSA
FDSDASAF
FDSDASFA
FDSDFAAS
FDSDFASA
FDSDFSAA
FDSDSAAF
FDSDSAFA
FDSDSFAA
FDSFAADS
FDSFAASD
FDSFADAS
FDSFADSA
FDSFASAD
FDSFASDA
FDSFDAAS
FDSFDASA
FDSFDSAA
FDSFSAAD
FDSFSADA
FDSFSDAA
FDSSAADF
FDSSAAFD
FDSSADAF
FDSSADFA
FDSSAFAD
FDSSAFDA
FDSSDAAF
FDSSDAFA
FDSSDFAA
FDSSFAAD
FDSSFADA
FDSSFDAA
FFAADDSS
FFAADSDS
FFAADSSD
FFAASDDS
FFAASDSD
FFAASSDD
FFADADSS
FFADASDS
FFADASSD
FFADDASS
FFADDSAS
FFADDSSA
FFADSADS
FFADSASD
FFADSDAS
FFADSDSA
FFADSSAD
FFADSSDA
FFASADDS
FFASADSD
FFASASDD
FFASDADS
FFASDASD
FFASDDAS
FFASDDSA
FFASDSAD
FFASDSDA
FFASSADD
FFASSDAD
FFASSDDA
FFDAADSS
FFDAASDS
FFDAASSD
FFDADASS
FFDADSAS
FFDADSSA
FFDASADS
FFDASASD
FFDASDAS
FFDASDSA
FFDASSAD
FFDASSDA
FFDDAASS
FFDDASAS
FFDDASSA
FFDDSAAS
FFDDSASA
FFDDSSAA
FFDSAADS
FFDSAASD
FFDSADAS
FFDSADSA
FFDSASAD
FFDSASDA
FFDSDAAS
FFDSDASA
FFDSDSAA
FFDSSAAD
FFDSSADA
FFDSSDAA
FFSAADDS
FFSAADSD
FFSAASDD
FFSADADS
FFSADASD
FFSADDAS
FFSADDSA
FFSADSAD
FFSADSDA
FFSASADD
FFSASDAD
FFSASDDA
FFSDAADS
FFSDAASD
FFSDADAS
FFSDADSA
FFSDASAD
FFSDASDA
FFSDDAAS
FFSDDASA
FFSDDSAA
FFSDSAAD
FFSDSADA
FFSDSDAA
FFSSAADD
FFSSADAD
FFSSADDA
FFSSDAAD
FFSSDADA
FFSSDDAA
FSAADDFS
FSAADDSF
FSAADFDS
FSAADFSD
FSAADSDF
FSAADSFD
FSAAFDDS
FSAAFDSD
FSAAFSDD
FSAASDDF
FSAASDFD
FSAASFDD
FSADADFS
FSADADSF
FSADAFDS
FSADAFSD
FSADASDF
FSADASFD
FSADDAFS
FSADDASF
FSADDFAS
FSADDFSA
FSADDSAF
FSADDSFA
FSADFADS
FSADFASD
FSADFDAS
FSADFDSA
FSADFSAD
FSADFSDA
FSADSADF
FSADSAFD
FSADSDAF
FSADSDFA
FSADSFAD
FSADSFDA
FSAFADDS
FSAFADSD
FSAFASDD
FSAFDADS
FSAFDASD
FSAFDDAS
FSAFDDSA
FSAFDSAD
FSAFDSDA
FSAFSADD
FSAFSDAD
FSAFSDDA
FSASADDF
FSASADFD
FSASAFDD
FSASDADF
FSASDAFD
FSASDDAF
FSASDDFA
FSASDFAD
FSASDFDA
FSASFADD
FSASFDAD
FSASFDDA
FSDAADFS
FSDAADSF
FSDAAFDS
FSDAAFSD
FSDAASDF
FSDAASFD
FSDADAFS
FSDADASF
FSDADFAS
FSDADFSA
FSDADSAF
FSDADSFA
FSDAFADS
FSDAFASD
FSDAFDAS
FSDAFDSA
FSDAFSAD
FSDAFSDA
FSDASADF
FSDASAFD
FSDASDAF
FSDASDFA
FSDASFAD
FSDASFDA
FSDDAAFS
FSDDAASF
FSDDAFAS
FSDDAFSA
FSDDASAF
FSDDASFA
FSDDFAAS
FSDDFASA
FSDDFSAA
FSDDSAAF
FSDDSAFA
FSDDSFAA
FSDFAADS
FSDFAASD
FSDFADAS
FSDFADSA
FSDFASAD
FSDFASDA
FSDFDAAS
FSDFDASA
FSDFDSAA
FSDFSAAD
FSDFSADA
FSDFSDAA
FSDSAADF
FSDSAAFD
FSDSADAF
FSDSADFA
FSDSAFAD
FSDSAFDA
FSDSDAAF
FSDSDAFA
FSDSDFAA
FSDSFAAD
FSDSFADA
FSDSFDAA
FSFAADDS
FSFAADSD
FSFAASDD
FSFADADS
FSFADASD
FSFADDAS
FSFADDSA
FSFADSAD
FSFADSDA
FSFASADD
FSFASDAD
FSFASDDA
FSFDAADS
FSFDAASD
FSFDADAS
FSFDADSA
FSFDASAD
FSFDASDA
FSFDDAAS
FSFDDASA
FSFDDSAA
FSFDSAAD
FSFDSADA
FSFDSDAA
FSFSAADD
FSFSADAD
FSFSADDA
FSFSDAAD
FSFSDADA
FSFSDDAA
FSSAADDF
FSSAADFD
FSSAAFDD
FSSADADF
FSSADAFD
FSSADDAF
FSSADDFA
FSSADFAD
FSSADFDA
FSSAFADD
FSSAFDAD
FSSAFDDA
FSSDAADF
FSSDAAFD
FSSDADAF
FSSDADFA
FSSDAFAD
FSSDAFDA
FSSDDAAF
FSSDDAFA
FSSDDFAA
FSSDFAAD
FSSDFADA
FSSDFDAA
FSSFAADD
FSSFADAD
FSSFADDA
FSSFDAAD
FSSFDADA
FSSFDDAA
SAADDFFS
SAADDFSF
SAADDSFF
SAADFDFS
SAADFDSF
SAADFFDS
SAADFFSD
SAADFSDF
SAADFSFD
SAADSDFF
SAADSFDF
SAADSFFD
SAAFDDFS
SAAFDDSF
SAAFDFDS
SAAFDFSD
SAAFDSDF
SAAFDSFD
SAAFFDDS
SAAFFDSD
SAAFFSDD
SAAFSDDF
SAAFSDFD
SAAFSFDD
SAASDDFF
SAASDFDF
SAASDFFD
SAASFDDF
SAASFDFD
SAASFFDD
SADADFFS
SADADFSF
SADADSFF
SADAFDFS
SADAFDSF
SADAFFDS
SADAFFSD
SADAFSDF
SADAFSFD
SADASDFF
SADASFDF
SADASFFD
SADDAFFS
SADDAFSF
SADDASFF
SADDFAFS
SADDFASF
SADDFFAS
SADDFFSA
SADDFSAF
SADDFSFA
SADDSAFF
SADDSFAF
SADDSFFA
SADFADFS
SADFADSF
SADFAFDS
SADFAFSD
SADFASDF
SADFASFD
SADFDAFS
SADFDASF
SADFDFAS
SADFDFSA
SADFDSAF
SADFDSFA
SADFFADS
SADFFASD
SADFFDAS
SADFFDSA
SADFFSAD
SADFFSDA
SADFSADF
SADFSAFD
SADFSDAF
SADFSDFA
SADFSFAD
SADFSFDA
SADSADFF
SADSAFDF
SADSAFFD
SADSDAFF
SADSDFAF
SADSDFFA
SADSFADF
SADSFAFD
SADSFDAF
SADSFDFA
SADSFFAD
SADSFFDA
SAFADDFS
SAFADDSF
SAFADFDS
SAFADFSD
SAFADSDF
SAFADSFD
SAFAFDDS
SAFAFDSD
SAFAFSDD
SAFASDDF
SAFASDFD
SAFASFDD
SAFDADFS
SAFDADSF
SAFDAFDS
SAFDAFSD
SAFDASDF
SAFDASFD
SAFDDAFS
SAFDDASF
SAFDDFAS
SAFDDFSA
SAFDDSAF
SAFDDSFA
SAFDFADS
SAFDFASD
SAFDFDAS
SAFDFDSA
SAFDFSAD
SAFDFSDA
SAFDSADF
SAFDSAFD
SAFDSDAF
SAFDSDFA
SAFDSFAD
SAFDSFDA
SAFFADDS
SAFFADSD
SAFFASDD
SAFFDADS
SAFFDASD
SAFFDDAS
SAFFDDSA
SAFFDSAD
SAFFDSDA
SAFFSADD
SAFFSDAD
SAFFSDDA
SAFSADDF
SAFSADFD
SAFSAFDD
SAFSDADF
SAFSDAFD
SAFSDDAF
SAFSDDFA
SAFSDFAD
SAFSDFDA
SAFSFADD
SAFSFDAD
SAFSFDDA
SASADDFF
SASADFDF
SASADFFD
SASAFDDF
SASAFDFD
SASAFFDD
SASDADFF
SASDAFDF
SASDAFFD
SASDDAFF
SASDDFAF
SASDDFFA
SASDFADF
SASDFAFD
SASDFDAF
SASDFDFA
SASDFFAD
SASDFFDA
SASFADDF
SASFADFD
SASFAFDD
SASFDADF
SASFDAFD
SASFDDAF
SASFDDFA
SASFDFAD
SASFDFDA
SASFFADD
SASFFDAD
SASFFDDA
SDAADFFS
SDAADFSF
SDAADSFF
SDAAFDFS
SDAAFDSF
SDAAFFDS
SDAAFFSD
SDAAFSDF
SDAAFSFD
SDAASDFF
SDAASFDF
SDAASFFD
SDADAFFS
SDADAFSF
SDADASFF
SDADFAFS
SDADFASF
SDADFFAS
SDADFFSA
SDADFSAF
SDADFSFA
SDADSAFF
SDADSFAF
SDADSFFA
SDAFADFS
SDAFADSF
SDAFAFDS
SDAFAFSD
SDAFASDF
SDAFASFD
SDAFDAFS
SDAFDASF
SDAFDFAS
SDAFDFSA
SDAFDSAF
SDAFDSFA
SDAFFADS
SDAFFASD
SDAFFDAS
SDAFFDSA
SDAFFSAD
SDAFFSDA
SDAFSADF
SDAFSAFD
SDAFSDAF
SDAFSDFA
SDAFSFAD
SDAFSFDA
SDASADFF
SDASAFDF
SDASAFFD
SDASDAFF
SDASDFAF
SDASDFFA
SDASFADF
SDASFAFD
SDASFDAF
SDASFDFA
SDASFFAD
SDASFFDA
SDDAAFFS
SDDAAFSF
SDDAASFF
SDDAFAFS
SDDAFASF
SDDAFFAS
SDDAFFSA
SDDAFSAF
SDDAFSFA
SDDASAFF
SDDASFAF
SDDASFFA
SDDFAAFS
SDDFAASF
SDDFAFAS
SDDFAFSA
SDDFASAF
SDDFASFA
SDDFFAAS
SDDFFASA
SDDFFSAA
SDDFSAAF
SDDFSAFA
SDDFSFAA
SDDSAAFF
SDDSAFAF
SDDSAFFA
SDDSFAAF
SDDSFAFA
SDDSFFAA
SDFAADFS
SDFAADSF
SDFAAFDS
SDFAAFSD
SDFAASDF
SDFAASFD
SDFADAFS
SDFADASF
SDFADFAS
SDFADFSA
SDFADSAF
SDFADSFA
SDFAFADS
SDFAFASD
SDFAFDAS
SDFAFDSA
SDFAFSAD
SDFAFSDA
SDFASADF
SDFASAFD
SDFASDAF
SDFASDFA
SDFASFAD
SDFASFDA
SDFDAAFS
SDFDAASF
SDFDAFAS
SDFDAFSA
SDFDASAF
SDFDASFA
SDFDFAAS
SDFDFASA
SDFDFSAA
SDFDSAAF
SDFDSAFA
SDFDSFAA
SDFFAADS
SDFFAASD
SDFFADAS
SDFFADSA
SDFFASAD
SDFFASDA
SDFFDAAS
SDFFDASA
SDFFDSAA
SDFFSAAD
SDFFSADA
SDFFSDAA
SDFSAADF
SDFSAAFD
SDFSADAF
SDFSADFA
SDFSAFAD
SDFSAFDA
SDFSDAAF
SDFSDAFA
SDFSDFAA
SDFSFAAD
SDFSFADA
SDFSFDAA
SDSAADFF
SDSAAFDF
SDSAAFFD
SDSADAFF
SDSADFAF
SDSADFFA
SDSAFADF
SDSAFAFD
SDSAFDAF
SDSAFDFA
SDSAFFAD
SDSAFFDA
SDSDAAFF
SDSDAFAF
SDSDAFFA
SDSDFAAF
SDSDFAFA
SDSDFFAA
SDSFAADF
SDSFAAFD
SDSFADAF
SDSFADFA
SDSFAFAD
SDSFAFDA
SDSFDAAF
SDSFDAFA
SDSFDFAA
SDSFFAAD
SDSFFADA
SDSFFDAA
SFAADDFS
SFAADDSF
SFAADFDS
SFAADFSD
SFAADSDF
SFAADSFD
SFAAFDDS
SFAAFDSD
SFAAFSDD
SFAASDDF
SFAASDFD
SFAASFDD
SFADADFS
SFADADSF
SFADAFDS
SFADAFSD
SFADASDF
SFADASFD
SFADDAFS
SFADDASF
SFADDFAS
SFADDFSA
SFADDSAF
SFADDSFA
SFADFADS
SFADFASD
SFADFDAS
SFADFDSA
SFADFSAD
SFADFSDA
SFADSADF
SFADSAFD
SFADSDAF
SFADSDFA
SFADSFAD
SFADSFDA
SFAFADDS
SFAFADSD
SFAFASDD
SFAFDADS
SFAFDASD
SFAFDDAS
SFAFDDSA
SFAFDSAD
SFAFDSDA
SFAFSADD
SFAFSDAD
SFAFSDDA
SFASADDF
SFASADFD
SFASAFDD
SFASDADF
SFASDAFD
SFASDDAF
SFASDDFA
SFASDFAD
SFASDFDA
SFASFADD
SFASFDAD
SFASFDDA
SFDAADFS
SFDAADSF
SFDAAFDS
SFDAAFSD
SFDAASDF
SFDAASFD
SFDADAFS
SFDADASF
SFDADFAS
SFDADFSA
SFDADSAF
SFDADSFA
SFDAFADS
SFDAFASD
SFDAFDAS
SFDAFDSA
SFDAFSAD
SFDAFSDA
SFDASADF
SFDASAFD
SFDASDAF
SFDASDFA
SFDASFAD
SFDASFDA
SFDDAAFS
SFDDAASF
SFDDAFAS
SFDDAFSA
SFDDASAF
SFDDASFA
SFDDFAAS
SFDDFASA
SFDDFSAA
SFDDSAAF
SFDDSAFA
SFDDSFAA
SFDFAADS
SFDFAASD
SFDFADAS
SFDFADSA
SFDFASAD
SFDFASDA
SFDFDAAS
SFDFDASA
SFDFDSAA
SFDFSAAD
SFDFSADA
SFDFSDAA
SFDSAADF
SFDSAAFD
SFDSADAF
SFDSADFA
SFDSAFAD
SFDSAFDA
SFDSDAAF
SFDSDAFA
SFDSDFAA
SFDSFAAD
SFDSFADA
SFDSFDAA
SFFAADDS
SFFAADSD
SFFAASDD
SFFADADS
SFFADASD
SFFADDAS
SFFADDSA
SFFADSAD
SFFADSDA
SFFASADD
SFFASDAD
SFFASDDA
SFFDAADS
SFFDAASD
SFFDADAS
SFFDADSA
SFFDASAD
SFFDASDA
SFFDDAAS
SFFDDASA
SFFDDSAA
SFFDSAAD
SFFDSADA
SFFDSDAA
SFFSAADD
SFFSADAD
SFFSADDA
SFFSDAAD
SFFSDADA
SFFSDDAA
SFSAADDF
SFSAADFD
SFSAAFDD
SFSADADF
SFSADAFD
SFSADDAF
SFSADDFA
SFSADFAD
SFSADFDA
SFSAFADD
SFSAFDAD
SFSAFDDA
SFSDAADF
SFSDAAFD
SFSDADAF
SFSDADFA
SFSDAFAD
SFSDAFDA
SFSDDAAF
SFSDDAFA
SFSDDFAA
SFSDFAAD
SFSDFADA
SFSDFDAA
SFSFAADD
SFSFADAD
SFSFADDA
SFSFDAAD
SFSFDADA
SFSFDDAA
SSAADDFF
SSAADFDF
SSAADFFD
SSAAFDDF
SSAAFDFD
SSAAFFDD
SSADADFF
SSADAFDF
SSADAFFD
SSADDAFF
SSADDFAF
SSADDFFA
SSADFADF
SSADFAFD
SSADFDAF
SSADFDFA
SSADFFAD
SSADFFDA
SSAFADDF
SSAFADFD
SSAFAFDD
SSAFDADF
SSAFDAFD
SSAFDDAF
SSAFDDFA
SSAFDFAD
SSAFDFDA
SSAFFADD
SSAFFDAD
SSAFFDDA
SSDAADFF
SSDAAFDF
SSDAAFFD
SSDADAFF
SSDADFAF
SSDADFFA
SSDAFADF
SSDAFAFD
SSDAFDAF
SSDAFDFA
SSDAFFAD
SSDAFFDA
SSDDAAFF
SSDDAFAF
SSDDAFFA
SSDDFAAF
SSDDFAFA
SSDDFFAA
SSDFAADF
SSDFAAFD
SSDFADAF
SSDFADFA
SSDFAFAD
SSDFAFDA
SSDFDAAF
SSDFDAFA
SSDFDFAA
SSDFFAAD
SSDFFADA
SSDFFDAA
SSFAADDF
SSFAADFD
SSFAAFDD
SSFADADF
SSFADAFD
SSFADDAF
SSFADDFA
SSFADFAD
SSFADFDA
SSFAFADD
SSFAFDAD
SSFAFDDA
SSFDAADF
SSFDAAFD
SSFDADAF
SSFDADFA
SSFDAFAD
SSFDAFDA
SSFDDAAF
SSFDDAFA
SSFDDFAA
SSFDFAAD
SSFDFADA
SSFDFDAA
SSFFAADD
SSFFADAD
SSFFADDA
SSFFDAAD
SSFFDADA
SSFFDDAA
