00101
00102
00120
00121
00201
00202
00210
00212
01001
01002
01010
01011
01012
01020
01021
01022
01101
01102
01120
01121
01200
01201
01202
01210
01211
01212
01220
01221
02001
02002
02010
02011
02012
02020
02021
02022
02100
02101
02102
02110
02112
02120
02121
02122
02201
02202
02210
02212
10010
10012
10020
10021
10100
10101
10102
10110
10112
10120
10121
10122
10200
10201
10202
10210
10211
10212
10220
10221
11010
11012
11020
11021
11201
11202
11210
11212
12001
12002
12010
12011
12012
12020
12021
12022
12100
12101
12102
12110
12112
12120
12121
12122
12201
12202
12210
12212
20010
20012
20020
20021
20100
20101
20102
20110
20112
20120
20121
20122
20200
20201
20202
20210
20211
20212
20220
20221
21001
21002
21010
21011
21012
21020
21021
21022
21101
21102
21120
21121
21200
21201
21202
21210
21211
21212
21220
21221
22010
22012
22020
22021
22101
22102
22120
22121
